#
# A fatal error has been detected by the Java Runtime Environment:
#
#  EXCEPTION_ACCESS_VIOLATION (0xc0000005) at pc=0x000000005083d046, pid=5624, tid=0x0000000000001e28
#
# JRE version: Java(TM) SE Runtime Environment (8.0_121-b13) (build 1.8.0_121-b13)
# Java VM: Java HotSpot(TM) 64-Bit Server VM (25.121-b13 mixed mode windows-amd64 compressed oops)
# Problematic frame:
# V  [jvm.dll+0x42d046]
#
# Failed to write core dump. Minidumps are not enabled by default on client versions of Windows
#
# If you would like to submit a bug report, please visit:
#   http://bugreport.java.com/bugreport/crash.jsp
#

---------------  T H R E A D  ---------------

Current thread (0x0000000016741800):  JavaThread "C1 CompilerThread2" daemon [_thread_in_native, id=7720, stack(0x0000000017990000,0x0000000017a90000)]

siginfo: ExceptionCode=0xc0000005, reading address 0x0000000000000004

Registers:
RAX=0x0000000016747500, RBX=0x0000000016747500, RCX=0x00000000167475d0, RDX=0x0000000000000000
RSP=0x0000000017a8e670, RBP=0x00000000ffffffff, RSI=0x0000000000000002, RDI=0x0000000017a8e9b0
R8 =0x0000000000000000, R9 =0x00000000ffffffff, R10=0x0000000000000000, R11=0x00000000167472a8
R12=0x0000000000000001, R13=0x0000000000000000, R14=0xffffffffffffffff, R15=0x00000000ffffffff
RIP=0x000000005083d046, EFLAGS=0x0000000000010206

Top of Stack: (sp=0x0000000017a8e670)
0x0000000017a8e670:   00000000166d97e0 0000000000000002
0x0000000017a8e680:   0000000000000002 0000000000000000
0x0000000017a8e690:   0000000000000000 0000000050841b2f
0x0000000017a8e6a0:   0000000017a8e9b0 0000000000000000
0x0000000017a8e6b0:   0000000021ff77c0 000000001ffa76b0
0x0000000017a8e6c0:   0000000000000007 000000005083efea
0x0000000017a8e6d0:   0000000016747460 0000000018a71fb0
0x0000000017a8e6e0:   0000000000000007 0000000000000003
0x0000000017a8e6f0:   0000000020a195d0 0000000017a8e9b0
0x0000000017a8e700:   0000000021ff77c0 0000000019cdbb40
0x0000000017a8e710:   0000000000000017 0000000000000001
0x0000000017a8e720:   0000000018a71ef0 0000000000000001
0x0000000017a8e730:   0000000000000020 000000001ffa76b0
0x0000000017a8e740:   0000000000000000 000000005083f26c
0x0000000017a8e750:   0000000021ff7928 0000000018a720a0
0x0000000017a8e760:   0000000000000020 0000000021ff77c0 

Instructions: (pc=0x000000005083d046)
0x000000005083d026:   0d ca ff eb 04 48 89 4b 18 48 85 c0 74 10 83 ca
0x000000005083d036:   ff 48 8b c8 e8 21 bd ff ff 48 8b d8 eb 02 33 db
0x000000005083d046:   41 8b 45 04 48 8b 4b 08 89 43 04 8b 01 83 f8 02
0x000000005083d056:   7f 1b 83 f8 01 41 0f 4f c4 89 01 48 8b 4b 08 8b 


Register to memory mapping:

RAX=0x0000000016747500 is an unknown value
RBX=0x0000000016747500 is an unknown value
RCX=0x00000000167475d0 is an unknown value
RDX=0x0000000000000000 is an unknown value
RSP=0x0000000017a8e670 is pointing into the stack for thread: 0x0000000016741800
RBP=0x00000000ffffffff is an unallocated location in the heap
RSI=0x0000000000000002 is an unknown value
RDI=0x0000000017a8e9b0 is pointing into the stack for thread: 0x0000000016741800
R8 =0x0000000000000000 is an unknown value
R9 =0x00000000ffffffff is an unallocated location in the heap
R10=0x0000000000000000 is an unknown value
R11=0x00000000167472a8 is an unknown value
R12=0x0000000000000001 is an unknown value
R13=0x0000000000000000 is an unknown value
R14=0xffffffffffffffff is an unknown value
R15=0x00000000ffffffff is an unallocated location in the heap


Stack: [0x0000000017990000,0x0000000017a90000],  sp=0x0000000017a8e670,  free space=1017k
Native frames: (J=compiled Java code, j=interpreted, Vv=VM code, C=native code)
V  [jvm.dll+0x42d046]
V  [jvm.dll+0x42efea]
V  [jvm.dll+0x42f26c]
V  [jvm.dll+0x42fffa]
V  [jvm.dll+0x40e500]
V  [jvm.dll+0x40e8d0]
V  [jvm.dll+0x40ea02]
V  [jvm.dll+0x40ebd1]
V  [jvm.dll+0x40eddf]
V  [jvm.dll+0xa5ca2]
V  [jvm.dll+0xa65df]
V  [jvm.dll+0x244e1f]
V  [jvm.dll+0x29c69a]
C  [msvcr100.dll+0x21d9f]
C  [msvcr100.dll+0x21e3b]
C  [kernel32.dll+0x159cd]
C  [ntdll.dll+0x2a561]


Current CompileTask:
C1:  25982 3317   !   2       com.mps.log.process.filter.FilteredDocument::getFilteredDoc (171 bytes)


---------------  P R O C E S S  ---------------

Java Threads: ( => current thread )
  0x0000000023980800 JavaThread "CleanCursors-2-thread-1" daemon [_thread_blocked, id=4416, stack(0x0000000021900000,0x0000000021a00000)]
  0x0000000023981800 JavaThread "cluster-ClusterId{value='59c4c8d755544215f88c44dc', description='null'}-127.0.0.1:27017" daemon [_thread_blocked, id=6404, stack(0x000000001df20000,0x000000001e020000)]
  0x0000000023985000 JavaThread "task-result-getter-1" daemon [_thread_blocked, id=4824, stack(0x00000000259d0000,0x0000000025ad0000)]
  0x0000000023984800 JavaThread "task-result-getter-0" daemon [_thread_blocked, id=2520, stack(0x0000000025600000,0x0000000025700000)]
  0x0000000023983000 JavaThread "Executor task launch worker for task 2" daemon [_thread_in_vm, id=5288, stack(0x0000000016320000,0x0000000016420000)]
  0x000000002397f000 JavaThread "pool-16-thread-1" daemon [_thread_blocked, id=1996, stack(0x000000001f530000,0x000000001f630000)]
  0x000000002397e800 JavaThread "org.apache.hadoop.fs.FileSystem$Statistics$StatisticsDataReferenceCleaner" daemon [_thread_blocked, id=6920, stack(0x000000001c580000,0x000000001c680000)]
  0x0000000019ca8000 JavaThread "SparkListenerBus" daemon [_thread_blocked, id=6812, stack(0x000000001e040000,0x000000001e140000)]
  0x0000000019ca7000 JavaThread "context-cleaner-periodic-gc" daemon [_thread_blocked, id=3532, stack(0x000000001de00000,0x000000001df00000)]
  0x0000000019ca6800 JavaThread "Spark Context Cleaner" daemon [_thread_blocked, id=3932, stack(0x000000001dc00000,0x000000001dd00000)]
  0x0000000019ca5800 JavaThread "shuffle-server-5-1" daemon [_thread_in_native, id=3608, stack(0x000000001d680000,0x000000001d780000)]
  0x0000000019ca5000 JavaThread "driver-heartbeater" daemon [_thread_blocked, id=6792, stack(0x000000001d490000,0x000000001d590000)]
  0x0000000019ca4000 JavaThread "dag-scheduler-event-loop" daemon [_thread_blocked, id=6804, stack(0x000000001d350000,0x000000001d450000)]
  0x0000000019ca3800 JavaThread "Timer-0" daemon [_thread_blocked, id=6564, stack(0x000000001c9f0000,0x000000001caf0000)]
  0x0000000019ca2800 JavaThread "netty-rpc-env-timeout" daemon [_thread_blocked, id=6816, stack(0x000000001d240000,0x000000001d340000)]
  0x0000000019ca2000 JavaThread "heartbeat-receiver-event-loop-thread" daemon [_thread_blocked, id=7320, stack(0x000000001d050000,0x000000001d150000)]
  0x0000000019ca1000 JavaThread "SparkUI-43" daemon [_thread_blocked, id=6168, stack(0x000000001ce10000,0x000000001cf10000)]
  0x0000000019d52000 JavaThread "SparkUI-42" daemon [_thread_blocked, id=3864, stack(0x000000001cc50000,0x000000001cd50000)]
  0x0000000019d51800 JavaThread "SparkUI-41" daemon [_thread_blocked, id=6188, stack(0x000000001cb10000,0x000000001cc10000)]
  0x0000000019d50800 JavaThread "SparkUI-40" daemon [_thread_blocked, id=7752, stack(0x000000001c7a0000,0x000000001c8a0000)]
  0x0000000019d50000 JavaThread "SparkUI-39" daemon [_thread_blocked, id=7676, stack(0x000000001c8c0000,0x000000001c9c0000)]
  0x0000000019d4f000 JavaThread "SparkUI-38-acceptor-0@1786f334-ServerConnector@19411fb4{HTTP/1.1,[http/1.1]}{0.0.0.0:4040}" daemon [_thread_in_native, id=7636, stack(0x000000001c690000,0x000000001c790000)]
  0x0000000019d4e800 JavaThread "SparkUI-37" daemon [_thread_in_native, id=7156, stack(0x000000001c470000,0x000000001c570000)]
  0x0000000019d4d800 JavaThread "SparkUI-36" daemon [_thread_in_native, id=8036, stack(0x000000001c290000,0x000000001c390000)]
  0x0000000019d4d000 JavaThread "map-output-dispatcher-7" daemon [_thread_blocked, id=7884, stack(0x000000001bc70000,0x000000001bd70000)]
  0x0000000019d4c000 JavaThread "map-output-dispatcher-6" daemon [_thread_blocked, id=4696, stack(0x000000001bd70000,0x000000001be70000)]
  0x0000000019d4b800 JavaThread "map-output-dispatcher-5" daemon [_thread_blocked, id=2768, stack(0x000000001bb50000,0x000000001bc50000)]
  0x0000000019e86800 JavaThread "map-output-dispatcher-4" daemon [_thread_blocked, id=6680, stack(0x000000001b9b0000,0x000000001bab0000)]
  0x000000001a040800 JavaThread "map-output-dispatcher-3" daemon [_thread_blocked, id=6464, stack(0x000000001aff0000,0x000000001b0f0000)]
  0x000000001a03f800 JavaThread "map-output-dispatcher-2" daemon [_thread_blocked, id=5552, stack(0x000000001b860000,0x000000001b960000)]
  0x000000001a042000 JavaThread "map-output-dispatcher-1" daemon [_thread_blocked, id=6444, stack(0x000000001b6a0000,0x000000001b7a0000)]
  0x000000001a043000 JavaThread "map-output-dispatcher-0" daemon [_thread_blocked, id=5096, stack(0x000000001b5a0000,0x000000001b6a0000)]
  0x0000000019bb2800 JavaThread "rpc-server-3-1" daemon [_thread_in_native, id=4720, stack(0x000000001b3e0000,0x000000001b4e0000)]
  0x0000000019c94000 JavaThread "dispatcher-event-loop-3" daemon [_thread_blocked, id=6076, stack(0x000000001acf0000,0x000000001adf0000)]
  0x0000000019c93000 JavaThread "dispatcher-event-loop-2" daemon [_thread_blocked, id=7008, stack(0x000000001abb0000,0x000000001acb0000)]
  0x0000000019431000 JavaThread "dispatcher-event-loop-1" daemon [_thread_blocked, id=7724, stack(0x000000001aaa0000,0x000000001aba0000)]
  0x00000000187fd800 JavaThread "dispatcher-event-loop-0" daemon [_thread_blocked, id=8068, stack(0x0000000017810000,0x0000000017910000)]
  0x0000000016762800 JavaThread "Service Thread" daemon [_thread_blocked, id=7716, stack(0x0000000017ad0000,0x0000000017bd0000)]
=>0x0000000016741800 JavaThread "C1 CompilerThread2" daemon [_thread_in_native, id=7720, stack(0x0000000017990000,0x0000000017a90000)]
  0x00000000166e1800 JavaThread "C2 CompilerThread1" daemon [_thread_blocked, id=792, stack(0x00000000176c0000,0x00000000177c0000)]
  0x00000000166d9000 JavaThread "C2 CompilerThread0" daemon [_thread_in_native, id=3660, stack(0x00000000174d0000,0x00000000175d0000)]
  0x00000000166c9000 JavaThread "JDWP Command Reader" daemon [_thread_in_native, id=7136, stack(0x0000000017360000,0x0000000017460000)]
  0x000000001524f800 JavaThread "JDWP Event Helper Thread" daemon [_thread_blocked, id=6424, stack(0x0000000017210000,0x0000000017310000)]
  0x00000000166c3000 JavaThread "JDWP Transport Listener: dt_socket" daemon [_thread_blocked, id=4748, stack(0x0000000017040000,0x0000000017140000)]
  0x00000000166b7000 JavaThread "Attach Listener" daemon [_thread_blocked, id=3536, stack(0x0000000016c20000,0x0000000016d20000)]
  0x0000000015249800 JavaThread "Signal Dispatcher" daemon [_thread_blocked, id=7908, stack(0x0000000016ac0000,0x0000000016bc0000)]
  0x0000000015232000 JavaThread "Finalizer" daemon [_thread_blocked, id=7944, stack(0x00000000165b0000,0x00000000166b0000)]
  0x00000000151ea800 JavaThread "Reference Handler" daemon [_thread_blocked, id=4208, stack(0x0000000016420000,0x0000000016520000)]
  0x00000000022af000 JavaThread "main" [_thread_blocked, id=7860, stack(0x0000000002520000,0x0000000002620000)]

Other Threads:
  0x00000000151e3000 VMThread [stack: 0x0000000016220000,0x0000000016320000] [id=5856]
  0x00000000167d5800 WatcherThread [stack: 0x0000000017be0000,0x0000000017ce0000] [id=7952]

VM state:not at safepoint (normal execution)

VM Mutex/Monitor currently owned by a thread: None

Heap:
 PSYoungGen      total 210432K, used 80232K [0x00000000eb180000, 0x00000000f9400000, 0x0000000100000000)
  eden space 198144K, 34% used [0x00000000eb180000,0x00000000ef41aac0,0x00000000f7300000)
  from space 12288K, 97% used [0x00000000f8800000,0x00000000f93bf618,0x00000000f9400000)
  to   space 14336K, 0% used [0x00000000f7800000,0x00000000f7800000,0x00000000f8600000)
 ParOldGen       total 47616K, used 14031K [0x00000000c1400000, 0x00000000c4280000, 0x00000000eb180000)
  object space 47616K, 29% used [0x00000000c1400000,0x00000000c21b3fb8,0x00000000c4280000)
 Metaspace       used 49044K, capacity 49530K, committed 49792K, reserved 1091584K
  class space    used 7071K, capacity 7208K, committed 7296K, reserved 1048576K

Card table byte_map: [0x0000000011cb0000,0x0000000011eb0000] byte_map_base: 0x00000000116a6000

Marking Bits: (ParMarkBitMap*) 0x0000000050c2b6d0
 Begin Bits: [0x00000000126f0000, 0x00000000136a0000)
 End Bits:   [0x00000000136a0000, 0x0000000014650000)

Polling page: 0x0000000000250000

CodeCache: size=245760Kb used=9105Kb max_used=9118Kb free=236654Kb
 bounds [0x00000000028f0000, 0x00000000031f0000, 0x00000000118f0000]
 total_blobs=3486 nmethods=2919 adapters=487
 compilation: enabled

Compilation events (10 events):
Event: 25.796 Thread 0x00000000166e1800 nmethod 3297 0x00000000031d3110 code [0x00000000031d3260, 0x00000000031d32f8]
Event: 25.796 Thread 0x00000000166e1800 3299       4       java.nio.HeapByteBuffer::getInt (18 bytes)
Event: 25.798 Thread 0x00000000166d9000 nmethod 3279 0x00000000031deb10 code [0x00000000031ded40, 0x00000000031df848]
Event: 25.798 Thread 0x00000000166d9000 3247       4       org.bson.ByteBufNIO::position (8 bytes)
Event: 25.798 Thread 0x00000000166d9000 nmethod 3247 0x0000000002dc2b50 code [0x0000000002dc2c80, 0x0000000002dc2d18]
Event: 25.798 Thread 0x00000000166d9000 3250       4       org.bson.types.ObjectId::makeInt (29 bytes)
Event: 25.798 Thread 0x00000000166d9000 nmethod 3250 0x0000000002c39590 code [0x0000000002c396c0, 0x0000000002c39718]
Event: 25.798 Thread 0x00000000166d9000 3295       4       java.nio.Bits::makeLong (77 bytes)
Event: 25.799 Thread 0x00000000166d9000 nmethod 3295 0x0000000002b9fdd0 code [0x0000000002b9ff00, 0x0000000002b9ff98]
Event: 25.800 Thread 0x00000000166e1800 nmethod 3299 0x00000000031d4590 code [0x00000000031d4720, 0x00000000031d4e38]

GC Heap History (10 events):
Event: 2.696 GC heap before
{Heap before GC invocations=6 (full 1):
 PSYoungGen      total 68096K, used 2540K [0x00000000eb180000, 0x00000000f4080000, 0x0000000100000000)
  eden space 65536K, 0% used [0x00000000eb180000,0x00000000eb180000,0x00000000ef180000)
  from space 2560K, 99% used [0x00000000ef180000,0x00000000ef3fb2a8,0x00000000ef400000)
  to   space 7680K, 0% used [0x00000000f3900000,0x00000000f3900000,0x00000000f4080000)
 ParOldGen       total 44032K, used 9727K [0x00000000c1400000, 0x00000000c3f00000, 0x00000000eb180000)
  object space 44032K, 22% used [0x00000000c1400000,0x00000000c1d7fc50,0x00000000c3f00000)
 Metaspace       used 20927K, capacity 21068K, committed 21296K, reserved 1067008K
  class space    used 2884K, capacity 2936K, committed 2944K, reserved 1048576K
Event: 2.724 GC heap after
Heap after GC invocations=6 (full 1):
 PSYoungGen      total 68096K, used 0K [0x00000000eb180000, 0x00000000f4080000, 0x0000000100000000)
  eden space 65536K, 0% used [0x00000000eb180000,0x00000000eb180000,0x00000000ef180000)
  from space 2560K, 0% used [0x00000000ef180000,0x00000000ef180000,0x00000000ef400000)
  to   space 7680K, 0% used [0x00000000f3900000,0x00000000f3900000,0x00000000f4080000)
 ParOldGen       total 32256K, used 6359K [0x00000000c1400000, 0x00000000c3380000, 0x00000000eb180000)
  object space 32256K, 19% used [0x00000000c1400000,0x00000000c1a35cb0,0x00000000c3380000)
 Metaspace       used 20927K, capacity 21068K, committed 21296K, reserved 1067008K
  class space    used 2884K, capacity 2936K, committed 2944K, reserved 1048576K
}
Event: 3.657 GC heap before
{Heap before GC invocations=7 (full 1):
 PSYoungGen      total 68096K, used 65536K [0x00000000eb180000, 0x00000000f4080000, 0x0000000100000000)
  eden space 65536K, 100% used [0x00000000eb180000,0x00000000ef180000,0x00000000ef180000)
  from space 2560K, 0% used [0x00000000ef180000,0x00000000ef180000,0x00000000ef400000)
  to   space 7680K, 0% used [0x00000000f3900000,0x00000000f3900000,0x00000000f4080000)
 ParOldGen       total 32256K, used 6359K [0x00000000c1400000, 0x00000000c3380000, 0x00000000eb180000)
  object space 32256K, 19% used [0x00000000c1400000,0x00000000c1a35cb0,0x00000000c3380000)
 Metaspace       used 28998K, capacity 29160K, committed 29440K, reserved 1075200K
  class space    used 3995K, capacity 4070K, committed 4096K, reserved 1048576K
Event: 3.692 GC heap after
Heap after GC invocations=7 (full 1):
 PSYoungGen      total 123904K, used 7670K [0x00000000eb180000, 0x00000000f4080000, 0x0000000100000000)
  eden space 116224K, 0% used [0x00000000eb180000,0x00000000eb180000,0x00000000f2300000)
  from space 7680K, 99% used [0x00000000f3900000,0x00000000f407d818,0x00000000f4080000)
  to   space 10240K, 0% used [0x00000000f2c80000,0x00000000f2c80000,0x00000000f3680000)
 ParOldGen       total 32256K, used 8101K [0x00000000c1400000, 0x00000000c3380000, 0x00000000eb180000)
  object space 32256K, 25% used [0x00000000c1400000,0x00000000c1be9478,0x00000000c3380000)
 Metaspace       used 28998K, capacity 29160K, committed 29440K, reserved 1075200K
  class space    used 3995K, capacity 4070K, committed 4096K, reserved 1048576K
}
Event: 4.728 GC heap before
{Heap before GC invocations=8 (full 1):
 PSYoungGen      total 123904K, used 59517K [0x00000000eb180000, 0x00000000f4080000, 0x0000000100000000)
  eden space 116224K, 44% used [0x00000000eb180000,0x00000000ee421df0,0x00000000f2300000)
  from space 7680K, 99% used [0x00000000f3900000,0x00000000f407d818,0x00000000f4080000)
  to   space 10240K, 0% used [0x00000000f2c80000,0x00000000f2c80000,0x00000000f3680000)
 ParOldGen       total 32256K, used 8101K [0x00000000c1400000, 0x00000000c3380000, 0x00000000eb180000)
  object space 32256K, 25% used [0x00000000c1400000,0x00000000c1be9478,0x00000000c3380000)
 Metaspace       used 35095K, capacity 35252K, committed 35456K, reserved 1079296K
  class space    used 4887K, capacity 4968K, committed 4992K, reserved 1048576K
Event: 4.779 GC heap after
Heap after GC invocations=8 (full 1):
 PSYoungGen      total 136192K, used 10236K [0x00000000eb180000, 0x00000000f9400000, 0x0000000100000000)
  eden space 125952K, 0% used [0x00000000eb180000,0x00000000eb180000,0x00000000f2c80000)
  from space 10240K, 99% used [0x00000000f2c80000,0x00000000f367f2d0,0x00000000f3680000)
  to   space 12288K, 0% used [0x00000000f8800000,0x00000000f8800000,0x00000000f9400000)
 ParOldGen       total 32256K, used 8760K [0x00000000c1400000, 0x00000000c3380000, 0x00000000eb180000)
  object space 32256K, 27% used [0x00000000c1400000,0x00000000c1c8e378,0x00000000c3380000)
 Metaspace       used 35095K, capacity 35252K, committed 35456K, reserved 1079296K
  class space    used 4887K, capacity 4968K, committed 4992K, reserved 1048576K
}
Event: 4.779 GC heap before
{Heap before GC invocations=9 (full 2):
 PSYoungGen      total 136192K, used 10236K [0x00000000eb180000, 0x00000000f9400000, 0x0000000100000000)
  eden space 125952K, 0% used [0x00000000eb180000,0x00000000eb180000,0x00000000f2c80000)
  from space 10240K, 99% used [0x00000000f2c80000,0x00000000f367f2d0,0x00000000f3680000)
  to   space 12288K, 0% used [0x00000000f8800000,0x00000000f8800000,0x00000000f9400000)
 ParOldGen       total 32256K, used 8760K [0x00000000c1400000, 0x00000000c3380000, 0x00000000eb180000)
  object space 32256K, 27% used [0x00000000c1400000,0x00000000c1c8e378,0x00000000c3380000)
 Metaspace       used 35095K, capacity 35252K, committed 35456K, reserved 1079296K
  class space    used 4887K, capacity 4968K, committed 4992K, reserved 1048576K
Event: 4.858 GC heap after
Heap after GC invocations=9 (full 2):
 PSYoungGen      total 136192K, used 0K [0x00000000eb180000, 0x00000000f9400000, 0x0000000100000000)
  eden space 125952K, 0% used [0x00000000eb180000,0x00000000eb180000,0x00000000f2c80000)
  from space 10240K, 0% used [0x00000000f2c80000,0x00000000f2c80000,0x00000000f3680000)
  to   space 12288K, 0% used [0x00000000f8800000,0x00000000f8800000,0x00000000f9400000)
 ParOldGen       total 47616K, used 14023K [0x00000000c1400000, 0x00000000c4280000, 0x00000000eb180000)
  object space 47616K, 29% used [0x00000000c1400000,0x00000000c21b1fb8,0x00000000c4280000)
 Metaspace       used 35095K, capacity 35252K, committed 35456K, reserved 1079296K
  class space    used 4887K, capacity 4968K, committed 4992K, reserved 1048576K
}
Event: 6.347 GC heap before
{Heap before GC invocations=10 (full 2):
 PSYoungGen      total 136192K, used 125952K [0x00000000eb180000, 0x00000000f9400000, 0x0000000100000000)
  eden space 125952K, 100% used [0x00000000eb180000,0x00000000f2c80000,0x00000000f2c80000)
  from space 10240K, 0% used [0x00000000f2c80000,0x00000000f2c80000,0x00000000f3680000)
  to   space 12288K, 0% used [0x00000000f8800000,0x00000000f8800000,0x00000000f9400000)
 ParOldGen       total 47616K, used 14023K [0x00000000c1400000, 0x00000000c4280000, 0x00000000eb180000)
  object space 47616K, 29% used [0x00000000c1400000,0x00000000c21b1fb8,0x00000000c4280000)
 Metaspace       used 46480K, capacity 46928K, committed 47104K, reserved 1089536K
  class space    used 6668K, capacity 6793K, committed 6912K, reserved 1048576K
Event: 6.371 GC heap after
Heap after GC invocations=10 (full 2):
 PSYoungGen      total 210432K, used 12029K [0x00000000eb180000, 0x00000000f9400000, 0x0000000100000000)
  eden space 198144K, 0% used [0x00000000eb180000,0x00000000eb180000,0x00000000f7300000)
  from space 12288K, 97% used [0x00000000f8800000,0x00000000f93bf618,0x00000000f9400000)
  to   space 14336K, 0% used [0x00000000f7800000,0x00000000f7800000,0x00000000f8600000)
 ParOldGen       total 47616K, used 14031K [0x00000000c1400000, 0x00000000c4280000, 0x00000000eb180000)
  object space 47616K, 29% used [0x00000000c1400000,0x00000000c21b3fb8,0x00000000c4280000)
 Metaspace       used 46480K, capacity 46928K, committed 47104K, reserved 1089536K
  class space    used 6668K, capacity 6793K, committed 6912K, reserved 1048576K
}

Deoptimization events (10 events):
Event: 25.673 Thread 0x0000000023983000 Uncommon trap: reason=class_check action=maybe_recompile pc=0x0000000002d52728 method=sun.misc.Resource.getBytes()[B @ 10
Event: 25.674 Thread 0x0000000023983000 Uncommon trap: reason=unhandled action=none pc=0x0000000002e4ccfc method=java.net.URLClassLoader.findClass(Ljava/lang/String;)Ljava/lang/Class; @ 44
Event: 25.676 Thread 0x0000000023983000 Uncommon trap: reason=unhandled action=none pc=0x0000000002e4ccfc method=java.net.URLClassLoader.findClass(Ljava/lang/String;)Ljava/lang/Class; @ 44
Event: 25.710 Thread 0x0000000023983000 Uncommon trap: reason=unstable_if action=reinterpret pc=0x000000000302476c method=sun.nio.cs.UTF_8$Decoder.decode([BII[C)I @ 30
Event: 25.720 Thread 0x0000000023983000 Uncommon trap: reason=unstable_if action=reinterpret pc=0x00000000031a421c method=java.lang.StringCoding.safeTrim([CILjava/nio/charset/Charset;Z)[C @ 3
Event: 25.761 Thread 0x0000000023983000 Uncommon trap: reason=unhandled action=none pc=0x0000000002e4ccfc method=java.net.URLClassLoader.findClass(Ljava/lang/String;)Ljava/lang/Class; @ 44
Event: 25.763 Thread 0x0000000023983000 Uncommon trap: reason=unhandled action=none pc=0x0000000002e4ccfc method=java.net.URLClassLoader.findClass(Ljava/lang/String;)Ljava/lang/Class; @ 44
Event: 25.764 Thread 0x0000000023983000 Uncommon trap: reason=unhandled action=none pc=0x0000000002e4ccfc method=java.net.URLClassLoader.findClass(Ljava/lang/String;)Ljava/lang/Class; @ 44
Event: 25.787 Thread 0x0000000023983000 Uncommon trap: reason=unhandled action=none pc=0x0000000002e4ccfc method=java.net.URLClassLoader.findClass(Ljava/lang/String;)Ljava/lang/Class; @ 44
Event: 25.787 Thread 0x0000000023983000 Uncommon trap: reason=unhandled action=none pc=0x0000000002e4ccfc method=java.net.URLClassLoader.findClass(Ljava/lang/String;)Ljava/lang/Class; @ 44

Internal exceptions (10 events):
Event: 6.546 Thread 0x0000000023983000 Exception <a 'java/lang/NoSuchMethodError': <clinit>> (0x00000000ec0af598) thrown at [C:\re\workspace\8-2-build-windows-amd64-cygwin\jdk8u121\8372\hotspot\src\share\vm\prims\jni.cpp, line 1613]
Event: 6.651 Thread 0x0000000019c94000 Exception <a 'java/lang/NoSuchMethodError': <clinit>> (0x00000000ecad4f70) thrown at [C:\re\workspace\8-2-build-windows-amd64-cygwin\jdk8u121\8372\hotspot\src\share\vm\prims\jni.cpp, line 1613]
Event: 6.652 Thread 0x0000000019c94000 Exception <a 'java/lang/NoSuchMethodError': <clinit>> (0x00000000ecae3e10) thrown at [C:\re\workspace\8-2-build-windows-amd64-cygwin\jdk8u121\8372\hotspot\src\share\vm\prims\jni.cpp, line 1613]
Event: 6.723 Thread 0x0000000023983000 Exception <a 'java/lang/NoSuchMethodError': <clinit>> (0x00000000ece9c078) thrown at [C:\re\workspace\8-2-build-windows-amd64-cygwin\jdk8u121\8372\hotspot\src\share\vm\prims\jni.cpp, line 1613]
Event: 25.456 Thread 0x00000000022af000 Exception <a 'java/lang/NoSuchMethodError': <clinit>> (0x00000000ed0d9e90) thrown at [C:\re\workspace\8-2-build-windows-amd64-cygwin\jdk8u121\8372\hotspot\src\share\vm\prims\jni.cpp, line 1613]
Event: 25.542 Thread 0x00000000022af000 Exception <a 'java/lang/NoSuchMethodError': <clinit>> (0x00000000ede95a58) thrown at [C:\re\workspace\8-2-build-windows-amd64-cygwin\jdk8u121\8372\hotspot\src\share\vm\prims\jni.cpp, line 1613]
Event: 25.543 Thread 0x00000000022af000 Exception <a 'java/lang/NoSuchMethodError': <clinit>> (0x00000000eded1878) thrown at [C:\re\workspace\8-2-build-windows-amd64-cygwin\jdk8u121\8372\hotspot\src\share\vm\prims\jni.cpp, line 1613]
Event: 25.597 Thread 0x0000000019ca4000 Exception <a 'java/lang/NoSuchMethodError': <clinit>> (0x00000000ec43c158) thrown at [C:\re\workspace\8-2-build-windows-amd64-cygwin\jdk8u121\8372\hotspot\src\share\vm\prims\jni.cpp, line 1613]
Event: 25.597 Thread 0x0000000019ca4000 Exception <a 'java/lang/NoSuchMethodError': <clinit>> (0x00000000ec43e408) thrown at [C:\re\workspace\8-2-build-windows-amd64-cygwin\jdk8u121\8372\hotspot\src\share\vm\prims\jni.cpp, line 1613]
Event: 25.597 Thread 0x0000000019ca4000 Exception <a 'java/lang/NoSuchMethodError': <clinit>> (0x00000000ec441550) thrown at [C:\re\workspace\8-2-build-windows-amd64-cygwin\jdk8u121\8372\hotspot\src\share\vm\prims\jni.cpp, line 1613]

Events (10 events):
Event: 25.787 Thread 0x0000000023983000 DEOPT UNPACKING pc=0x000000000293787f sp=0x000000001641ba00 mode 1
Event: 25.787 loading class com/mongodb/operation/MixedBulkWriteOperation$1
Event: 25.787 loading class com/mongodb/operation/MixedBulkWriteOperation$1 done
Event: 25.787 Thread 0x0000000023983000 Uncommon trap: trap_request=0xffffffa7 fr.pc=0x0000000002e4ccfc
Event: 25.787 Thread 0x0000000023983000 DEOPT PACKING pc=0x0000000002e4ccfc sp=0x000000001641ce80
Event: 25.787 Thread 0x0000000023983000 DEOPT UNPACKING pc=0x000000000293582a sp=0x000000001641ce18 mode 2
Event: 25.788 Thread 0x0000000023983000 DEOPT PACKING pc=0x0000000002a92304 sp=0x000000001641cec0
Event: 25.788 Thread 0x0000000023983000 DEOPT UNPACKING pc=0x000000000293787f sp=0x000000001641cce0 mode 1
Event: 25.788 Thread 0x0000000023983000 DEOPT PACKING pc=0x0000000002a9209c sp=0x000000001641d050
Event: 25.788 Thread 0x0000000023983000 DEOPT UNPACKING pc=0x000000000293787f sp=0x000000001641ce70 mode 1


Dynamic libraries:
0x000000013fb80000 - 0x000000013fbb7000 	C:\Program Files\Java\jdk1.8.0_121\bin\javaw.exe
0x0000000077170000 - 0x000000007731a000 	C:\Windows\SYSTEM32\ntdll.dll
0x0000000077050000 - 0x000000007716f000 	C:\Windows\system32\kernel32.dll
0x000007fefd2c0000 - 0x000007fefd32a000 	C:\Windows\system32\KERNELBASE.dll
0x0000000074de0000 - 0x0000000074e69000 	C:\Windows\System32\SYSFER.DLL
0x000007fefee80000 - 0x000007fefef5b000 	C:\Windows\system32\ADVAPI32.dll
0x000007fefd4b0000 - 0x000007fefd54f000 	C:\Windows\system32\msvcrt.dll
0x000007fefd550000 - 0x000007fefd56f000 	C:\Windows\SYSTEM32\sechost.dll
0x000007fefd590000 - 0x000007fefd6bd000 	C:\Windows\system32\RPCRT4.dll
0x0000000076f50000 - 0x000000007704a000 	C:\Windows\system32\USER32.dll
0x000007fefdab0000 - 0x000007fefdb17000 	C:\Windows\system32\GDI32.dll
0x000007fefd4a0000 - 0x000007fefd4ae000 	C:\Windows\system32\LPK.dll
0x000007fefec60000 - 0x000007fefed2b000 	C:\Windows\system32\USP10.dll
0x000007fefbb50000 - 0x000007fefbd44000 	C:\Windows\WinSxS\amd64_microsoft.windows.common-controls_6595b64144ccf1df_6.0.7601.18837_none_fa3b1e3d17594757\COMCTL32.dll
0x000007feff400000 - 0x000007feff471000 	C:\Windows\system32\SHLWAPI.dll
0x000007feff200000 - 0x000007feff22e000 	C:\Windows\system32\IMM32.DLL
0x000007fefd9a0000 - 0x000007fefdaa9000 	C:\Windows\system32\MSCTF.dll
0x000000006c8b0000 - 0x000000006c982000 	C:\Program Files\Java\jdk1.8.0_121\jre\bin\msvcr100.dll
0x0000000050410000 - 0x0000000050cab000 	C:\Program Files\Java\jdk1.8.0_121\jre\bin\server\jvm.dll
0x000007fefadc0000 - 0x000007fefadc9000 	C:\Windows\system32\WSOCK32.dll
0x000007feff3b0000 - 0x000007feff3fd000 	C:\Windows\system32\WS2_32.dll
0x000007fefee10000 - 0x000007fefee18000 	C:\Windows\system32\NSI.dll
0x000007fefaf20000 - 0x000007fefaf5b000 	C:\Windows\system32\WINMM.dll
0x000007fefc210000 - 0x000007fefc21c000 	C:\Windows\system32\VERSION.dll
0x0000000077330000 - 0x0000000077337000 	C:\Windows\system32\PSAPI.DLL
0x000000006de30000 - 0x000000006de3f000 	C:\Program Files\Java\jdk1.8.0_121\jre\bin\verify.dll
0x000000006ca40000 - 0x000000006ca69000 	C:\Program Files\Java\jdk1.8.0_121\jre\bin\java.dll
0x000000006cdc0000 - 0x000000006cdf5000 	C:\Program Files\Java\jdk1.8.0_121\jre\bin\jdwp.dll
0x000000006deb0000 - 0x000000006deb8000 	C:\Program Files\Java\jdk1.8.0_121\jre\bin\npt.dll
0x000000006ca20000 - 0x000000006ca36000 	C:\Program Files\Java\jdk1.8.0_121\jre\bin\zip.dll
0x000007fefdd00000 - 0x000007fefea8b000 	C:\Windows\system32\SHELL32.dll
0x000007feff000000 - 0x000007feff1fc000 	C:\Windows\system32\ole32.dll
0x000007fefd0d0000 - 0x000007fefd0df000 	C:\Windows\system32\profapi.dll
0x000000006cf00000 - 0x000000006cf09000 	C:\Program Files\Java\jdk1.8.0_121\jre\bin\dt_socket.dll
0x000007fefb530000 - 0x000007fefb545000 	C:\Windows\system32\NLAapi.dll
0x000007fef76e0000 - 0x000007fef76f5000 	C:\Windows\system32\napinsp.dll
0x000007fef76c0000 - 0x000007fef76d9000 	C:\Windows\system32\pnrpnsp.dll
0x000007fefc8f0000 - 0x000007fefc945000 	C:\Windows\System32\mswsock.dll
0x000007fefc770000 - 0x000007fefc7cb000 	C:\Windows\system32\DNSAPI.dll
0x000007fef76b0000 - 0x000007fef76bb000 	C:\Windows\System32\winrnr.dll
0x000007fefa590000 - 0x000007fefa5b7000 	C:\Windows\system32\IPHLPAPI.DLL
0x000007fefa580000 - 0x000007fefa58b000 	C:\Windows\system32\WINNSI.DLL
0x000007fefa420000 - 0x000007fefa473000 	C:\Windows\System32\fwpuclnt.dll
0x000007fef8c10000 - 0x000007fef8c18000 	C:\Windows\system32\rasadhlp.dll
0x000007fefc2e0000 - 0x000007fefc2e7000 	C:\Windows\System32\wshtcpip.dll
0x000000006da70000 - 0x000000006da7d000 	C:\Program Files\Java\jdk1.8.0_121\jre\bin\management.dll
0x000000006ca10000 - 0x000000006ca19000 	C:\Program Files\Java\jdk1.8.0_121\jre\bin\w2k_lsa_auth.dll
0x000007fefcf00000 - 0x000007fefcf0b000 	C:\Windows\system32\Secur32.dll
0x000007fefcf30000 - 0x000007fefcf55000 	C:\Windows\system32\SSPICLI.DLL
0x000000006ca00000 - 0x000000006ca09000 	C:\Program Files\Java\jdk1.8.0_121\jre\bin\jaas_nt.dll
0x000000006c9e0000 - 0x000000006c9fa000 	C:\Program Files\Java\jdk1.8.0_121\jre\bin\net.dll
0x000007fefc8e0000 - 0x000007fefc8e7000 	C:\Windows\System32\wship6.dll
0x000000006c9c0000 - 0x000000006c9d1000 	C:\Program Files\Java\jdk1.8.0_121\jre\bin\nio.dll
0x000007fefc950000 - 0x000007fefc968000 	C:\Windows\system32\CRYPTSP.dll
0x000007fefc650000 - 0x000007fefc697000 	C:\Windows\system32\rsaenh.dll
0x000007fefc3f0000 - 0x000007fefc40e000 	C:\Windows\system32\USERENV.dll
0x000007fefcfc0000 - 0x000007fefcfcf000 	C:\Windows\system32\CRYPTBASE.dll
0x000007fefa270000 - 0x000007fefa281000 	C:\Windows\system32\dhcpcsvc6.DLL
0x000007fefa240000 - 0x000007fefa258000 	C:\Windows\system32\dhcpcsvc.DLL
0x0000000066f40000 - 0x0000000066f6d000 	C:\Users\mac004455\AppData\Local\Temp\liblz4-java1618470136689770112.so
0x000000006c990000 - 0x000000006c9b4000 	C:\Program Files\Java\jdk1.8.0_121\jre\bin\sunec.dll
0x000007fef9870000 - 0x000007fef9995000 	C:\Windows\system32\dbghelp.dll

VM Arguments:
jvm_args: -agentlib:jdwp=transport=dt_socket,suspend=y,address=localhost:51320 -Dfile.encoding=UTF-8 
java_command: com.mps.start.Start
java_class_path (initial): D:\neon_worksapce\ProcessingEngineV2\target\classes;C:\Users\mac004455\.m2\repository\org\apache\spark\spark-sql_2.11\2.2.0\spark-sql_2.11-2.2.0.jar;C:\Users\mac004455\.m2\repository\com\univocity\univocity-parsers\2.2.1\univocity-parsers-2.2.1.jar;C:\Users\mac004455\.m2\repository\org\apache\spark\spark-sketch_2.11\2.2.0\spark-sketch_2.11-2.2.0.jar;C:\Users\mac004455\.m2\repository\org\apache\spark\spark-catalyst_2.11\2.2.0\spark-catalyst_2.11-2.2.0.jar;C:\Users\mac004455\.m2\repository\org\scala-lang\scala-reflect\2.11.8\scala-reflect-2.11.8.jar;C:\Users\mac004455\.m2\repository\org\codehaus\janino\janino\3.0.0\janino-3.0.0.jar;C:\Users\mac004455\.m2\repository\org\codehaus\janino\commons-compiler\3.0.0\commons-compiler-3.0.0.jar;C:\Users\mac004455\.m2\repository\org\antlr\antlr4-runtime\4.5.3\antlr4-runtime-4.5.3.jar;C:\Users\mac004455\.m2\repository\commons-codec\commons-codec\1.10\commons-codec-1.10.jar;C:\Users\mac004455\.m2\repository\org\apache\spark\spark-tags_2.11\2.2.0\spark-tags_2.11-2.2.0.jar;C:\Users\mac004455\.m2\repository\org\apache\parquet\parquet-column\1.8.2\parquet-column-1.8.2.jar;C:\Users\mac004455\.m2\repository\org\apache\parquet\parquet-common\1.8.2\parquet-common-1.8.2.jar;C:\Users\mac004455\.m2\repository\org\apache\parquet\parquet-encoding\1.8.2\parquet-encoding-1.8.2.jar;C:\Users\mac004455\.m2\repository\org\apache\parquet\parquet-hadoop\1.8.2\parquet-hadoop-1.8.2.jar;C:\Users\mac004455\.m2\repository\org\apache\parquet\parquet-format\2.3.1\parquet-format-2.3.1.jar;C:\Users\mac004455\.m2\repository\org\apache\parquet\parquet-jackson\1.8.2\parquet-jackson-1.8.2.jar;C:\Users\mac004455\.m2\repository\org\codehaus\jackson\jackson-mapper-asl\1.9.11\jackson-mapper-asl-1.9.11.jar;C:\Users\mac004455\.m2\repository\org\codehaus\jackson\jackson-core-asl\1.9.11\jackson-core-asl-1.9.11.jar;C:\Users\mac004455\.m2\repository\com\fasterxml\jackson\core\jackson-databind\2.6.5\jackson-databind-2.6.5.jar;C:\Users\mac004455\.m
Launcher Type: SUN_STANDARD

Environment Variables:
JAVA_HOME=C:\Program Files\Java\jdk1.8.0_121
PATH=C:\Program Files\Java\jdk1.8.0_121\jre\bin;C:/Program Files/Java/jre8/bin/server;C:/Program Files/Java/jre8/bin;C:/Program Files/Java/jre8/lib/amd64;C:\ProgramData\Oracle\Java\javapath;C:\Program Files\Java\jdk1.8.0_121\bin;C:\Program Files (x86)\Intel\iCLS Client\;C:\Program Files\Intel\iCLS Client\;C:\Windows\system32;C:\Windows;C:\Windows\System32\Wbem;C:\Windows\System32\WindowsPowerShell\v1.0\;C:\Program Files\Intel\Intel(R) Management Engine Components\DAL;C:\Program Files (x86)\Intel\Intel(R) Management Engine Components\DAL;C:\Program Files\Intel\Intel(R) Management Engine Components\IPT;C:\Program Files (x86)\Intel\Intel(R) Management Engine Components\IPT;C:\Program Files\TortoiseSVN\bin\;D:\chkout2012\apache-maven-3.2.5\bin;C:\Program Files (x86)\Skype\Phone\;C:\Program Files\nodejs\;D:\Spark_Env\spark-2.2.0-bin-hadoop2.7\bin;C:\Users\mac004455\AppData\Roaming\npm;C:\eclipse_neon;
USERNAME=mac004455
OS=Windows_NT
PROCESSOR_IDENTIFIER=Intel64 Family 6 Model 60 Stepping 3, GenuineIntel



---------------  S Y S T E M  ---------------

OS: Windows 7 , 64 bit Build 7601 (6.1.7601.23864)

CPU:total 4 (2 cores per cpu, 2 threads per core) family 6 model 60 stepping 3, cmov, cx8, fxsr, mmx, sse, sse2, sse3, ssse3, sse4.1, sse4.2, popcnt, avx, avx2, aes, clmul, erms, lzcnt, ht, tsc, tscinvbit, bmi1, bmi2

Memory: 4k page, physical 4109832k(287788k free), swap 8217804k(2778196k free)

vm_info: Java HotSpot(TM) 64-Bit Server VM (25.121-b13) for windows-amd64 JRE (1.8.0_121-b13), built on Dec 12 2016 18:21:36 by "java_re" with MS VC++ 10.0 (VS2010)

time: Fri Sep 22 13:54:55 2017
elapsed time: 25 seconds (0d 0h 0m 25s)

